<?xml version="1.0" encoding="UTF-8"?>
<!-- Generated by org.testng.reporters.JUnitReportReporter -->
<testsuite hostname="MWDH-Work2" failures="0" tests="1" name="Appium.Appium.Test.AppiumAss3W11D2" time="12.779" errors="0" timestamp="2022-08-22T00:52:59 AST" skipped="0">
  <testcase classname="Appium.Appium.Test.AppiumAss3W11D2" name="firstTest" time="12.779"/>
  <system-out/>
</testsuite> <!-- Appium.Appium.Test.AppiumAss3W11D2 -->
